<?xml version="1.0" encoding="UTF-8"?>
<!-- Generated by org.testng.reporters.JUnitXMLReporter -->
<testsuite hostname="aixahm-ts6" ignored="0" name="Test" tests="1" failures="1" timestamp="20 Jun 2020 08:14:34 GMT" time="0.14" errors="0">
  <testcase name="demo" time="0.108" classname="nrp_testcases.VerifyCrossLocationDatawithCalendar">
    <failure type="java.lang.NullPointerException">
      <![CDATA[java.lang.NullPointerException
at java.util.Objects.requireNonNull(Unknown Source)
at org.openqa.selenium.support.ui.FluentWait.<init>(FluentWait.java:106)
at org.openqa.selenium.support.ui.WebDriverWait.<init>(WebDriverWait.java:85)
at org.openqa.selenium.support.ui.WebDriverWait.<init>(WebDriverWait.java:45)
at nrp_pageobjects.LoginPage_NRP.<init>(LoginPage_NRP.java:16)
at nrp_objectmanager.ObjectManager_NRP.<init>(ObjectManager_NRP.java:15)
at nrp_testcases.VerifyCrossLocationDatawithCalendar.demo(VerifyCrossLocationDatawithCalendar.java:15)
... Removed 25 stack frames]]>
    </failure>
  </testcase> <!-- demo -->
</testsuite> <!-- Test -->
