<?xml version="1.0" encoding="UTF-8"?>
<testng-results ignored="0" total="1" passed="1" failed="0" skipped="0">
  <reporter-output>
  </reporter-output>
  <suite started-at="2020-12-21T12:56:01 IST" name="NRPuite" finished-at="2020-12-21T13:03:34 IST" duration-ms="452965">
    <groups>
    </groups>
    <test started-at="2020-12-21T12:56:01 IST" name="Test1" finished-at="2020-12-21T13:03:34 IST" duration-ms="452965">
      <class name="nrp_testcases.VerifyCrossLocationDatawithCalendar">
        <test-method is-config="true" signature="setUpNRP()[pri:0, instance:nrp_testcases.VerifyCrossLocationDatawithCalendar@74ea2410]" started-at="2020-12-21T12:55:29 IST" name="setUpNRP" finished-at="2020-12-21T12:56:01 IST" duration-ms="32291" status="PASS">
          <reporter-output>
          </reporter-output>
        </test-method> <!-- setUpNRP -->
        <test-method signature="VerifyDataOfCrossLocationwithCalendar()[pri:1, instance:nrp_testcases.VerifyCrossLocationDatawithCalendar@74ea2410]" started-at="2020-12-21T12:56:01 IST" name="VerifyDataOfCrossLocationwithCalendar" finished-at="2020-12-21T13:03:34 IST" duration-ms="452829" status="PASS">
          <reporter-output>
          </reporter-output>
        </test-method> <!-- VerifyDataOfCrossLocationwithCalendar -->
      </class> <!-- nrp_testcases.VerifyCrossLocationDatawithCalendar -->
    </test> <!-- Test1 -->
  </suite> <!-- NRPuite -->
</testng-results>
